# JRE version: OpenJDK Runtime Environment (11.0.10) (build 11.0.10+0-b96-7249189)
# Java VM: OpenJDK 64-Bit Server VM (11.0.10+0-b96-7249189, mixed mode, tiered, compressed oops, g1 gc, windows-amd64)
Heap:
 garbage-first heap   total 926720K, used 205598K [0x0000000080000000, 0x0000000100000000)
  region size 1024K, 19 young (19456K), 19 survivors (19456K)
 Metaspace       used 103788K, capacity 106499K, committed 106624K, reserved 1140736K
  class space    used 13335K, capacity 14367K, committed 14464K, reserved 1048576K
GC Heap History (20 events):
Event: 56.798 GC heap after
{Heap after GC invocations=88 (full 0):
 garbage-first heap   total 507904K, used 181980K [0x0000000080000000, 0x0000000100000000)
  region size 1024K, 11 young (11264K), 11 survivors (11264K)
 Metaspace       used 103352K, capacity 106057K, committed 106368K, reserved 1140736K
  class space    used 13321K, capacity 14351K, committed 14464K, reserved 1048576K
}
Event: 57.634 GC heap before
{Heap before GC invocations=88 (full 0):
 garbage-first heap   total 507904K, used 437980K [0x0000000080000000, 0x0000000100000000)
  region size 1024K, 261 young (267264K), 11 survivors (11264K)
 Metaspace       used 103378K, capacity 106068K, committed 106368K, reserved 1140736K
  class space    used 13322K, capacity 14353K, committed 14464K, reserved 1048576K
}
Event: 57.656 GC heap after
{Heap after GC invocations=89 (full 0):
 garbage-first heap   total 507904K, used 182016K [0x0000000080000000, 0x0000000100000000)
  region size 1024K, 11 young (11264K), 11 survivors (11264K)
 Metaspace       used 103378K, capacity 106068K, committed 106368K, reserved 1140736K
  class space    used 13322K, capacity 14353K, committed 14464K, reserved 1048576K
}
Event: 59.111 GC heap before
{Heap before GC invocations=89 (full 0):
 garbage-first heap   total 507904K, used 444160K [0x0000000080000000, 0x0000000100000000)
  region size 1024K, 264 young (270336K), 11 survivors (11264K)
 Metaspace       used 103547K, capacity 106252K, committed 106368K, reserved 1140736K
  class space    used 13325K, capacity 14358K, committed 14464K, reserved 1048576K
}
Event: 59.152 GC heap after
{Heap after GC invocations=90 (full 0):
 garbage-first heap   total 507904K, used 186333K [0x0000000080000000, 0x0000000100000000)
  region size 1024K, 14 young (14336K), 14 survivors (14336K)
 Metaspace       used 103547K, capacity 106252K, committed 106368K, reserved 1140736K
  class space    used 13325K, capacity 14358K, committed 14464K, reserved 1048576K
}
Event: 60.168 GC heap before
{Heap before GC invocations=90 (full 0):
 garbage-first heap   total 507904K, used 439261K [0x0000000080000000, 0x0000000100000000)
  region size 1024K, 261 young (267264K), 14 survivors (14336K)
 Metaspace       used 103578K, capacity 106255K, committed 106368K, reserved 1140736K
  class space    used 13325K, capacity 14358K, committed 14464K, reserved 1048576K
}
Event: 60.192 GC heap after
{Heap after GC invocations=91 (full 0):
 garbage-first heap   total 507904K, used 183581K [0x0000000080000000, 0x0000000100000000)
  region size 1024K, 13 young (13312K), 13 survivors (13312K)
 Metaspace       used 103578K, capacity 106255K, committed 106368K, reserved 1140736K
  class space    used 13325K, capacity 14358K, committed 14464K, reserved 1048576K
}
Event: 60.949 GC heap before
{Heap before GC invocations=91 (full 0):
 garbage-first heap   total 507904K, used 439581K [0x0000000080000000, 0x0000000100000000)
  region size 1024K, 263 young (269312K), 13 survivors (13312K)
 Metaspace       used 103618K, capacity 106319K, committed 106624K, reserved 1140736K
  class space    used 13325K, capacity 14358K, committed 14464K, reserved 1048576K
}
Event: 60.973 GC heap after
{Heap after GC invocations=92 (full 0):
 garbage-first heap   total 507904K, used 182557K [0x0000000080000000, 0x0000000100000000)
  region size 1024K, 12 young (12288K), 12 survivors (12288K)
 Metaspace       used 103618K, capacity 106319K, committed 106624K, reserved 1140736K
  class space    used 13325K, capacity 14358K, committed 14464K, reserved 1048576K
}
Event: 61.675 GC heap before
{Heap before GC invocations=92 (full 0):
 garbage-first heap   total 507904K, used 441629K [0x0000000080000000, 0x0000000100000000)
  region size 1024K, 266 young (272384K), 12 survivors (12288K)
 Metaspace       used 103634K, capacity 106321K, committed 106624K, reserved 1140736K
  class space    used 13325K, capacity 14358K, committed 14464K, reserved 1048576K
}
Event: 61.699 GC heap after
{Heap after GC invocations=93 (full 0):
 garbage-first heap   total 507904K, used 183069K [0x0000000080000000, 0x0000000100000000)
  region size 1024K, 12 young (12288K), 12 survivors (12288K)
 Metaspace       used 103634K, capacity 106321K, committed 106624K, reserved 1140736K
  class space    used 13325K, capacity 14358K, committed 14464K, reserved 1048576K
}
Event: 62.782 GC heap before
{Heap before GC invocations=93 (full 0):
 garbage-first heap   total 507904K, used 445213K [0x0000000080000000, 0x0000000100000000)
  region size 1024K, 267 young (273408K), 12 survivors (12288K)
 Metaspace       used 103700K, capacity 106412K, committed 106624K, reserved 1140736K
  class space    used 13331K, capacity 14365K, committed 14464K, reserved 1048576K
}
Event: 62.806 GC heap after
{Heap after GC invocations=94 (full 0):
 garbage-first heap   total 507904K, used 182557K [0x0000000080000000, 0x0000000100000000)
  region size 1024K, 12 young (12288K), 12 survivors (12288K)
 Metaspace       used 103700K, capacity 106412K, committed 106624K, reserved 1140736K
  class space    used 13331K, capacity 14365K, committed 14464K, reserved 1048576K
}
Event: 63.775 GC heap before
{Heap before GC invocations=94 (full 0):
 garbage-first heap   total 507904K, used 442653K [0x0000000080000000, 0x0000000100000000)
  region size 1024K, 266 young (272384K), 12 survivors (12288K)
 Metaspace       used 103742K, capacity 106491K, committed 106624K, reserved 1140736K
  class space    used 13331K, capacity 14366K, committed 14464K, reserved 1048576K
}
Event: 63.867 GC heap after
{Heap after GC invocations=95 (full 0):
 garbage-first heap   total 507904K, used 187677K [0x0000000080000000, 0x0000000100000000)
  region size 1024K, 17 young (17408K), 17 survivors (17408K)
 Metaspace       used 103742K, capacity 106491K, committed 106624K, reserved 1140736K
  class space    used 13331K, capacity 14366K, committed 14464K, reserved 1048576K
}
Event: 65.452 GC heap before
{Heap before GC invocations=95 (full 0):
 garbage-first heap   total 507904K, used 438557K [0x0000000080000000, 0x0000000100000000)
  region size 1024K, 262 young (268288K), 17 survivors (17408K)
 Metaspace       used 103766K, capacity 106494K, committed 106624K, reserved 1140736K
  class space    used 13335K, capacity 14367K, committed 14464K, reserved 1048576K
}
Event: 65.929 GC heap after
{Heap after GC invocations=96 (full 0):
 garbage-first heap   total 507904K, used 187677K [0x0000000080000000, 0x0000000100000000)
  region size 1024K, 17 young (17408K), 17 survivors (17408K)
 Metaspace       used 103766K, capacity 106494K, committed 106624K, reserved 1140736K
  class space    used 13335K, capacity 14367K, committed 14464K, reserved 1048576K
}
Event: 66.257 GC heap before
{Heap before GC invocations=96 (full 0):
 garbage-first heap   total 507904K, used 211229K [0x0000000080000000, 0x0000000100000000)
  region size 1024K, 40 young (40960K), 17 survivors (17408K)
 Metaspace       used 103766K, capacity 106494K, committed 106624K, reserved 1140736K
  class space    used 13335K, capacity 14367K, committed 14464K, reserved 1048576K
}
Event: 66.594 GC heap after
{Heap after GC invocations=97 (full 0):
 garbage-first heap   total 507904K, used 188569K [0x0000000080000000, 0x0000000100000000)
  region size 1024K, 2 young (2048K), 2 survivors (2048K)
 Metaspace       used 103766K, capacity 106494K, committed 106624K, reserved 1140736K
  class space    used 13335K, capacity 14367K, committed 14464K, reserved 1048576K
}
Event: 68.567 GC heap before
{Heap before GC invocations=97 (full 0):
 garbage-first heap   total 507904K, used 399513K [0x0000000080000000, 0x0000000100000000)
  region size 1024K, 208 young (212992K), 2 survivors (2048K)
 Metaspace       used 103788K, capacity 106499K, committed 106624K, reserved 1140736K
  class space    used 13335K, capacity 14367K, committed 14464K, reserved 1048576K
}

